  Main.cpp
C:\Users\Joseph\source\repos\Chess_in_C++\Main.cpp(34,33): warning C4244: 'argument': conversion from 'int' to 'T', possible loss of data
          with
          [
              T=float
          ]
C:\Users\Joseph\source\repos\Chess_in_C++\Main.cpp(34,23): warning C4244: 'argument': conversion from 'int' to 'T', possible loss of data
          with
          [
              T=float
          ]
C:\Users\Joseph\source\repos\Chess_in_C++\Main.cpp(67,45): warning C4244: 'argument': conversion from 'int' to 'float', possible loss of data
C:\Users\Joseph\source\repos\Chess_in_C++\Main.cpp(67,35): warning C4244: 'argument': conversion from 'int' to 'float', possible loss of data
C:\Users\Joseph\source\repos\Chess_in_C++\Main.cpp(125,71): warning C4244: 'argument': conversion from 'T' to 'T', possible loss of data
          with
          [
              T=int
          ]
          and
          [
              T=float
          ]
C:\Users\Joseph\source\repos\Chess_in_C++\Main.cpp(125,64): warning C4244: 'argument': conversion from 'T' to 'T', possible loss of data
          with
          [
              T=int
          ]
          and
          [
              T=float
          ]
C:\Users\Joseph\source\repos\Chess_in_C++\Main.cpp(144,79): warning C4244: 'argument': conversion from 'int' to 'T', possible loss of data
          with
          [
              T=float
          ]
C:\Users\Joseph\source\repos\Chess_in_C++\Main.cpp(144,69): warning C4244: 'argument': conversion from 'int' to 'T', possible loss of data
          with
          [
              T=float
          ]
C:\Users\Joseph\source\repos\Chess_in_C++\Main.cpp(145,68): warning C4244: 'argument': conversion from 'int' to 'T', possible loss of data
          with
          [
              T=float
          ]
C:\Users\Joseph\source\repos\Chess_in_C++\Main.cpp(145,44): warning C4244: 'argument': conversion from 'int' to 'T', possible loss of data
          with
          [
              T=float
          ]
  Generating code
  0 of 145 functions ( 0.0%) were compiled, the rest were copied from previous compilation.
    0 functions were new in current compilation
    0 functions had inline decision re-evaluated but remain unchanged
  Finished generating code
  Chess_in_C++.vcxproj -> C:\Users\Joseph\source\repos\Chess_in_C++\x64\Release\Chess_in_C++.exe
